[15:47:45] [Server thread/INFO]: Starting minecraft server version 1.8
[15:47:45] [Server thread/WARN]: To start the server with more ram, launch it as "java -Xmx1024M -Xms1024M -jar minecraft_server.jar"
[15:47:45] [Server thread/INFO]: Loading properties
[15:47:45] [Server thread/WARN]: server.properties does not exist
[15:47:45] [Server thread/INFO]: Generating new properties file
[15:47:45] [Server thread/INFO]: Default game type: SURVIVAL
[15:47:46] [Server thread/INFO]: This server is running CraftBukkit version git-Spigot-c3c767f-33d5de3 (MC: 1.8) (Implementing API version 1.8-R0.1-SNAPSHOT)
[15:47:46] [Server thread/INFO]: Unable to find file banned-players.json, creating it.
[15:47:46] [Server thread/INFO]: Unable to find file banned-ips.json, creating it.
[15:47:46] [Server thread/INFO]: Unable to find file ops.json, creating it.
[15:47:46] [Server thread/INFO]: Unable to find file whitelist.json, creating it.
[15:47:46] [Server thread/INFO]: Debug logging is disabled
[15:47:46] [Server thread/INFO]: Using 4 threads for Netty based IO
[15:47:46] [Server thread/INFO]: Server Ping Player Sample Count: 12
[15:47:46] [Server thread/INFO]: Generating keypair
[15:47:46] [Server thread/INFO]: Starting Minecraft server on *:25565
[15:47:47] [Server thread/INFO]: **** Beginning UUID conversion, this may take A LONG time ****
[15:47:47] [Server thread/INFO]: Preparing level "world"
[15:47:47] [Server thread/INFO]: -------- World Settings For [world] --------
[15:47:47] [Server thread/INFO]: Zombie Aggressive Towards Villager: true
[15:47:47] [Server thread/INFO]: Item Despawn Rate: 6000
[15:47:47] [Server thread/INFO]: Chunks to Grow per Tick: 650
[15:47:47] [Server thread/INFO]: Clear tick list: false
[15:47:47] [Server thread/INFO]: Experience Merge Radius: 3.0
[15:47:47] [Server thread/INFO]: Item Merge Radius: 2.5
[15:47:47] [Server thread/INFO]: Arrow Despawn Rate: 1200
[15:47:47] [Server thread/INFO]: View Distance: 10
[15:47:47] [Server thread/INFO]: Entity Activation Range: An 32 / Mo 32 / Mi 16
[15:47:47] [Server thread/INFO]: Allow Zombie Pigmen to spawn from portal blocks: true
[15:47:47] [Server thread/INFO]: Nerfing mobs spawned from spawners: false
[15:47:47] [Server thread/INFO]: Cactus Growth Modifier: 100%
[15:47:47] [Server thread/INFO]: Cane Growth Modifier: 100%
[15:47:47] [Server thread/INFO]: Melon Growth Modifier: 100%
[15:47:47] [Server thread/INFO]: Mushroom Growth Modifier: 100%
[15:47:47] [Server thread/INFO]: Pumpkin Growth Modifier: 100%
[15:47:47] [Server thread/INFO]: Sapling Growth Modifier: 100%
[15:47:47] [Server thread/INFO]: Wheat Growth Modifier: 100%
[15:47:47] [Server thread/INFO]: Mob Spawn Range: 4
[15:47:47] [Server thread/INFO]: Anti X-Ray: true
[15:47:47] [Server thread/INFO]: 	Engine Mode: 1
[15:47:47] [Server thread/INFO]: 	Hidden Blocks: [14, 15, 16, 21, 48, 49, 54, 56, 73, 74, 82, 129, 130]
[15:47:47] [Server thread/INFO]: 	Replace Blocks: [1, 5]
[15:47:47] [Server thread/INFO]: Max Entity Collisions: 8
[15:47:47] [Server thread/INFO]: Custom Map Seeds:  Village: 10387312 Feature: 14357617
[15:47:47] [Server thread/INFO]: Max TNT Explosions: 100
[15:47:47] [Server thread/INFO]: Sending up to 10 chunks per packet
[15:47:47] [Server thread/INFO]: Alternative Hopper Ticking: false
[15:47:47] [Server thread/INFO]: Hopper Transfer: 8 Hopper Check: 8 Hopper Amount: 1
[15:47:47] [Server thread/INFO]: Random Lighting Updates: false
[15:47:47] [Server thread/INFO]: Entity Tracking Range: Pl 48 / An 48 / Mo 48 / Mi 32 / Other 64
[15:47:47] [Server thread/INFO]: Tile Max Tick Time: 50ms Entity max Tick Time: 50ms
[15:47:47] [Server thread/INFO]: Structure Info Saving: true
[15:47:48] [Server thread/INFO]: -------- World Settings For [world_nether] --------
[15:47:48] [Server thread/INFO]: Zombie Aggressive Towards Villager: true
[15:47:48] [Server thread/INFO]: Item Despawn Rate: 6000
[15:47:48] [Server thread/INFO]: Chunks to Grow per Tick: 650
[15:47:48] [Server thread/INFO]: Clear tick list: false
[15:47:48] [Server thread/INFO]: Experience Merge Radius: 3.0
[15:47:48] [Server thread/INFO]: Item Merge Radius: 2.5
[15:47:48] [Server thread/INFO]: Arrow Despawn Rate: 1200
[15:47:48] [Server thread/INFO]: View Distance: 10
[15:47:48] [Server thread/INFO]: Entity Activation Range: An 32 / Mo 32 / Mi 16
[15:47:48] [Server thread/INFO]: Allow Zombie Pigmen to spawn from portal blocks: true
[15:47:48] [Server thread/INFO]: Nerfing mobs spawned from spawners: false
[15:47:48] [Server thread/INFO]: Cactus Growth Modifier: 100%
[15:47:48] [Server thread/INFO]: Cane Growth Modifier: 100%
[15:47:48] [Server thread/INFO]: Melon Growth Modifier: 100%
[15:47:48] [Server thread/INFO]: Mushroom Growth Modifier: 100%
[15:47:48] [Server thread/INFO]: Pumpkin Growth Modifier: 100%
[15:47:48] [Server thread/INFO]: Sapling Growth Modifier: 100%
[15:47:48] [Server thread/INFO]: Wheat Growth Modifier: 100%
[15:47:48] [Server thread/INFO]: Mob Spawn Range: 4
[15:47:48] [Server thread/INFO]: Anti X-Ray: true
[15:47:48] [Server thread/INFO]: 	Engine Mode: 1
[15:47:48] [Server thread/INFO]: 	Hidden Blocks: [14, 15, 16, 21, 48, 49, 54, 56, 73, 74, 82, 129, 130]
[15:47:48] [Server thread/INFO]: 	Replace Blocks: [1, 5]
[15:47:48] [Server thread/INFO]: Max Entity Collisions: 8
[15:47:48] [Server thread/INFO]: Custom Map Seeds:  Village: 10387312 Feature: 14357617
[15:47:48] [Server thread/INFO]: Max TNT Explosions: 100
[15:47:48] [Server thread/INFO]: Sending up to 10 chunks per packet
[15:47:48] [Server thread/INFO]: Alternative Hopper Ticking: false
[15:47:48] [Server thread/INFO]: Hopper Transfer: 8 Hopper Check: 8 Hopper Amount: 1
[15:47:48] [Server thread/INFO]: Random Lighting Updates: false
[15:47:48] [Server thread/INFO]: Entity Tracking Range: Pl 48 / An 48 / Mo 48 / Mi 32 / Other 64
[15:47:48] [Server thread/INFO]: Tile Max Tick Time: 50ms Entity max Tick Time: 50ms
[15:47:48] [Server thread/INFO]: Structure Info Saving: true
[15:47:48] [Server thread/INFO]: -------- World Settings For [world_the_end] --------
[15:47:48] [Server thread/INFO]: Zombie Aggressive Towards Villager: true
[15:47:48] [Server thread/INFO]: Item Despawn Rate: 6000
[15:47:48] [Server thread/INFO]: Chunks to Grow per Tick: 650
[15:47:48] [Server thread/INFO]: Clear tick list: false
[15:47:48] [Server thread/INFO]: Experience Merge Radius: 3.0
[15:47:48] [Server thread/INFO]: Item Merge Radius: 2.5
[15:47:48] [Server thread/INFO]: Arrow Despawn Rate: 1200
[15:47:48] [Server thread/INFO]: View Distance: 10
[15:47:48] [Server thread/INFO]: Entity Activation Range: An 32 / Mo 32 / Mi 16
[15:47:48] [Server thread/INFO]: Allow Zombie Pigmen to spawn from portal blocks: true
[15:47:48] [Server thread/INFO]: Nerfing mobs spawned from spawners: false
[15:47:48] [Server thread/INFO]: Cactus Growth Modifier: 100%
[15:47:48] [Server thread/INFO]: Cane Growth Modifier: 100%
[15:47:48] [Server thread/INFO]: Melon Growth Modifier: 100%
[15:47:48] [Server thread/INFO]: Mushroom Growth Modifier: 100%
[15:47:48] [Server thread/INFO]: Pumpkin Growth Modifier: 100%
[15:47:48] [Server thread/INFO]: Sapling Growth Modifier: 100%
[15:47:48] [Server thread/INFO]: Wheat Growth Modifier: 100%
[15:47:48] [Server thread/INFO]: Mob Spawn Range: 4
[15:47:48] [Server thread/INFO]: Anti X-Ray: true
[15:47:48] [Server thread/INFO]: 	Engine Mode: 1
[15:47:48] [Server thread/INFO]: 	Hidden Blocks: [14, 15, 16, 21, 48, 49, 54, 56, 73, 74, 82, 129, 130]
[15:47:48] [Server thread/INFO]: 	Replace Blocks: [1, 5]
[15:47:48] [Server thread/INFO]: Max Entity Collisions: 8
[15:47:48] [Server thread/INFO]: Custom Map Seeds:  Village: 10387312 Feature: 14357617
[15:47:48] [Server thread/INFO]: Max TNT Explosions: 100
[15:47:48] [Server thread/INFO]: Sending up to 10 chunks per packet
[15:47:48] [Server thread/INFO]: Alternative Hopper Ticking: false
[15:47:48] [Server thread/INFO]: Hopper Transfer: 8 Hopper Check: 8 Hopper Amount: 1
[15:47:48] [Server thread/INFO]: Random Lighting Updates: false
[15:47:48] [Server thread/INFO]: Entity Tracking Range: Pl 48 / An 48 / Mo 48 / Mi 32 / Other 64
[15:47:48] [Server thread/INFO]: Tile Max Tick Time: 50ms Entity max Tick Time: 50ms
[15:47:48] [Server thread/INFO]: Structure Info Saving: true
[15:47:48] [Server thread/INFO]: Preparing start region for level 0 (Seed: -7584085842784913248)
[15:47:49] [Server thread/INFO]: Preparing spawn area: 5%
[15:47:50] [Server thread/INFO]: Preparing spawn area: 9%
[15:47:51] [Server thread/INFO]: Preparing spawn area: 11%
[15:47:52] [Server thread/INFO]: Preparing spawn area: 16%
[15:47:53] [Server thread/INFO]: Preparing spawn area: 21%
[15:47:54] [Server thread/INFO]: Preparing spawn area: 29%
[15:47:55] [Server thread/INFO]: Preparing spawn area: 37%
[15:47:56] [Server thread/INFO]: Preparing spawn area: 47%
[15:47:57] [Server thread/INFO]: Preparing spawn area: 58%
[15:47:58] [Server thread/INFO]: Preparing spawn area: 68%
[15:47:59] [Server thread/INFO]: Preparing spawn area: 82%
[15:48:00] [Server thread/INFO]: Preparing spawn area: 95%
[15:48:00] [Server thread/INFO]: Preparing start region for level 1 (Seed: -7584085842784913248)
[15:48:01] [Server thread/INFO]: Preparing spawn area: 10%
[15:48:02] [Server thread/INFO]: Preparing spawn area: 24%
[15:48:03] [Server thread/INFO]: Preparing spawn area: 46%
[15:48:04] [Server thread/INFO]: Preparing spawn area: 63%
[15:48:05] [Server thread/INFO]: Preparing spawn area: 80%
[15:48:06] [Server thread/INFO]: Preparing spawn area: 99%
[15:48:07] [Server thread/INFO]: Preparing start region for level 2 (Seed: -7584085842784913248)
[15:48:08] [Server thread/INFO]: Preparing spawn area: 28%
[15:48:09] [Server thread/INFO]: Preparing spawn area: 62%
[15:48:10] [Server thread/INFO]: Done (23,233s)! For help, type "help" or "?"
[15:48:12] [Server thread/INFO]: Stopping the server
[15:48:12] [Server thread/INFO]: Stopping server
[15:48:12] [Server thread/INFO]: Saving players
[15:48:12] [Server thread/INFO]: Saving worlds
[15:48:12] [Server thread/INFO]: Saving chunks for level 'world'/Overworld
[15:48:17] [Server thread/INFO]: Saving chunks for level 'world_nether'/Nether
[15:48:22] [Server thread/INFO]: Saving chunks for level 'world_the_end'/The End
